[2024-10-23T14:11:08.250-0300] {taskinstance.py:1165} INFO - Dependencies all met for <TaskInstance: send_whatsapp_message_dag_19.send_whatsapp_message scheduled__2024-10-22T17:05:00+00:00 [queued]>
[2024-10-23T14:11:08.274-0300] {taskinstance.py:1165} INFO - Dependencies all met for <TaskInstance: send_whatsapp_message_dag_19.send_whatsapp_message scheduled__2024-10-22T17:05:00+00:00 [queued]>
[2024-10-23T14:11:08.275-0300] {taskinstance.py:1362} INFO - 
--------------------------------------------------------------------------------
[2024-10-23T14:11:08.276-0300] {taskinstance.py:1363} INFO - Starting attempt 2 of 2
[2024-10-23T14:11:08.277-0300] {taskinstance.py:1364} INFO - 
--------------------------------------------------------------------------------
[2024-10-23T14:11:08.358-0300] {taskinstance.py:1383} INFO - Executing <Task(PythonOperator): send_whatsapp_message> on 2024-10-22 17:05:00+00:00
[2024-10-23T14:11:08.414-0300] {standard_task_runner.py:82} INFO - Running: ['airflow', 'tasks', 'run', 'send_whatsapp_message_dag_19', 'send_whatsapp_message', 'scheduled__2024-10-22T17:05:00+00:00', '--job-id', '571', '--raw', '--subdir', 'DAGS_FOLDER/agoravai.py', '--cfg-path', '/var/folders/zz/zyxvpxvq6csfxvn_n0000000000000/T/tmpjuwabdax']
[2024-10-23T14:11:08.427-0300] {standard_task_runner.py:83} INFO - Job 571: Subtask send_whatsapp_message
[2024-10-23T14:11:08.442-0300] {standard_task_runner.py:55} INFO - Started process 94346 to run task
[2024-10-23T14:11:08.990-0300] {task_command.py:376} INFO - Running <TaskInstance: send_whatsapp_message_dag_19.send_whatsapp_message scheduled__2024-10-22T17:05:00+00:00 [running]> on host MacBook-Air-de-Pedro.local
[2024-10-23T14:11:09.847-0300] {taskinstance.py:1590} INFO - Exporting the following env vars:
AIRFLOW_CTX_DAG_OWNER=arth_brave
AIRFLOW_CTX_DAG_ID=send_whatsapp_message_dag_19
AIRFLOW_CTX_TASK_ID=send_whatsapp_message
AIRFLOW_CTX_EXECUTION_DATE=2024-10-22T17:05:00+00:00
AIRFLOW_CTX_TRY_NUMBER=2
AIRFLOW_CTX_DAG_RUN_ID=scheduled__2024-10-22T17:05:00+00:00
[2024-10-23T14:11:10.241-0300] {__init__.py:56} INFO - -- BEGIN Twilio API Request --
[2024-10-23T14:11:10.251-0300] {__init__.py:66} INFO - POST Request: https://api.twilio.com/2010-04-01/Accounts/AC069f1485becb681509aa3ea0b36dec02/Messages.json
[2024-10-23T14:11:10.260-0300] {__init__.py:69} INFO - Headers:
[2024-10-23T14:11:10.263-0300] {__init__.py:73} INFO - Content-Type : application/x-www-form-urlencoded
[2024-10-23T14:11:10.264-0300] {__init__.py:73} INFO - User-Agent : twilio-python/9.3.4 (Darwin x86_64) Python/3.10.11
[2024-10-23T14:11:10.265-0300] {__init__.py:73} INFO - X-Twilio-Client : python-9.3.4
[2024-10-23T14:11:10.266-0300] {__init__.py:73} INFO - Accept-Charset : utf-8
[2024-10-23T14:11:10.267-0300] {__init__.py:73} INFO - Accept : application/json
[2024-10-23T14:11:10.268-0300] {__init__.py:75} INFO - -- END Twilio API Request --
[2024-10-23T14:11:10.782-0300] {__init__.py:81} INFO - Response Status Code: 201
[2024-10-23T14:11:10.784-0300] {__init__.py:82} INFO - Response Headers: {'Content-Type': 'application/json;charset=utf-8', 'Content-Length': '832', 'Connection': 'keep-alive', 'Date': 'Wed, 23 Oct 2024 17:11:10 GMT', 'X-Powered-By': 'AT-5000', 'Twilio-Concurrent-Requests': '1', 'Twilio-Request-Id': 'RQ4d0c6fa00773de03664f33bb4ac530d0', 'Twilio-Request-Duration': '0.120', 'X-Home-Region': 'us1', 'X-Api-Domain': 'api.twilio.com', 'Strict-Transport-Security': 'max-age=31536000', 'Access-Control-Allow-Origin': '*', 'Access-Control-Allow-Headers': 'Accept, Authorization, Content-Type, If-Match, If-Modified-Since, If-None-Match, If-Unmodified-Since, Idempotency-Key, X-Pre-Auth-Context, X-Target-Region', 'Access-Control-Allow-Methods': 'GET, POST, PATCH, PUT, DELETE, OPTIONS', 'Access-Control-Expose-Headers': 'ETag, Twilio-Request-Id', 'Access-Control-Allow-Credentials': 'true', 'X-Shenanigans': 'none', 'X-Cache': 'Miss from cloudfront', 'Via': '1.1 ebdab0b6f15b52fb25bef6840de9c80c.cloudfront.net (CloudFront)', 'X-Amz-Cf-Pop': 'GIG51-P3', 'X-Amz-Cf-Id': '6guQopCWUgmtKzqtlmkn_Olk1F3KFzQyWhOFPNUiS3_Ce_3N_90PnQ=='}
[2024-10-23T14:11:10.786-0300] {logging_mixin.py:137} INFO - Mensagem enviada: SM4d0c6fa00773de03664f33bb4ac530d0
[2024-10-23T14:11:10.787-0300] {python.py:177} INFO - Done. Returned value was: None
[2024-10-23T14:11:10.810-0300] {taskinstance.py:1401} INFO - Marking task as SUCCESS. dag_id=send_whatsapp_message_dag_19, task_id=send_whatsapp_message, execution_date=20241022T170500, start_date=20241023T171108, end_date=20241023T171110
[2024-10-23T14:11:12.952-0300] {local_task_job.py:159} INFO - Task exited with return code 0
[2024-10-23T14:11:13.181-0300] {taskinstance.py:2623} INFO - 0 downstream tasks scheduled from follow-on schedule check
