[2024-10-21T16:41:17.085-0300] {taskinstance.py:1165} INFO - Dependencies all met for <TaskInstance: send_whatsapp_message_dag_20.send_whatsapp_message scheduled__2024-10-20T15:32:00+00:00 [queued]>
[2024-10-21T16:41:17.097-0300] {taskinstance.py:1165} INFO - Dependencies all met for <TaskInstance: send_whatsapp_message_dag_20.send_whatsapp_message scheduled__2024-10-20T15:32:00+00:00 [queued]>
[2024-10-21T16:41:17.098-0300] {taskinstance.py:1362} INFO - 
--------------------------------------------------------------------------------
[2024-10-21T16:41:17.098-0300] {taskinstance.py:1363} INFO - Starting attempt 1 of 2
[2024-10-21T16:41:17.098-0300] {taskinstance.py:1364} INFO - 
--------------------------------------------------------------------------------
[2024-10-21T16:41:17.111-0300] {taskinstance.py:1383} INFO - Executing <Task(PythonOperator): send_whatsapp_message> on 2024-10-20 15:32:00+00:00
[2024-10-21T16:41:17.113-0300] {standard_task_runner.py:55} INFO - Started process 3976 to run task
[2024-10-21T16:41:17.121-0300] {standard_task_runner.py:82} INFO - Running: ['airflow', 'tasks', 'run', 'send_whatsapp_message_dag_20', 'send_whatsapp_message', 'scheduled__2024-10-20T15:32:00+00:00', '--job-id', '8', '--raw', '--subdir', 'DAGS_FOLDER/callback_send_template.py', '--cfg-path', '/var/folders/zz/zyxvpxvq6csfxvn_n0000000000000/T/tmpsktemyu1']
[2024-10-21T16:41:17.124-0300] {standard_task_runner.py:83} INFO - Job 8: Subtask send_whatsapp_message
[2024-10-21T16:41:17.252-0300] {task_command.py:376} INFO - Running <TaskInstance: send_whatsapp_message_dag_20.send_whatsapp_message scheduled__2024-10-20T15:32:00+00:00 [running]> on host MacBook-Air-de-Pedro.local
[2024-10-21T16:41:17.352-0300] {taskinstance.py:1590} INFO - Exporting the following env vars:
AIRFLOW_CTX_DAG_OWNER=arth_brave
AIRFLOW_CTX_DAG_ID=send_whatsapp_message_dag_20
AIRFLOW_CTX_TASK_ID=send_whatsapp_message
AIRFLOW_CTX_EXECUTION_DATE=2024-10-20T15:32:00+00:00
AIRFLOW_CTX_TRY_NUMBER=1
AIRFLOW_CTX_DAG_RUN_ID=scheduled__2024-10-20T15:32:00+00:00
[2024-10-21T16:41:17.450-0300] {__init__.py:56} INFO - -- BEGIN Twilio API Request --
[2024-10-21T16:41:17.451-0300] {__init__.py:66} INFO - POST Request: https://api.twilio.com/2010-04-01/Accounts/AC069f1485becb681509aa3ea0b36dec02/Messages.json
[2024-10-21T16:41:17.451-0300] {__init__.py:69} INFO - Headers:
[2024-10-21T16:41:17.452-0300] {__init__.py:73} INFO - Content-Type : application/x-www-form-urlencoded
[2024-10-21T16:41:17.452-0300] {__init__.py:73} INFO - User-Agent : twilio-python/9.3.4 (Darwin x86_64) Python/3.10.11
[2024-10-21T16:41:17.452-0300] {__init__.py:73} INFO - X-Twilio-Client : python-9.3.4
[2024-10-21T16:41:17.453-0300] {__init__.py:73} INFO - Accept-Charset : utf-8
[2024-10-21T16:41:17.453-0300] {__init__.py:73} INFO - Accept : application/json
[2024-10-21T16:41:17.454-0300] {__init__.py:75} INFO - -- END Twilio API Request --
[2024-10-21T16:41:17.815-0300] {__init__.py:81} INFO - Response Status Code: 201
[2024-10-21T16:41:17.816-0300] {__init__.py:82} INFO - Response Headers: {'Content-Type': 'application/json;charset=utf-8', 'Content-Length': '815', 'Connection': 'keep-alive', 'Date': 'Mon, 21 Oct 2024 19:41:17 GMT', 'X-Powered-By': 'AT-5000', 'Twilio-Concurrent-Requests': '1', 'Twilio-Request-Id': 'RQ6d43dc24bc0ea50b7c5aa19ceda00327', 'Twilio-Request-Duration': '0.135', 'X-Home-Region': 'us1', 'X-Api-Domain': 'api.twilio.com', 'Strict-Transport-Security': 'max-age=31536000', 'Access-Control-Allow-Origin': '*', 'Access-Control-Allow-Headers': 'Accept, Authorization, Content-Type, If-Match, If-Modified-Since, If-None-Match, If-Unmodified-Since, Idempotency-Key, X-Pre-Auth-Context, X-Target-Region', 'Access-Control-Allow-Methods': 'GET, POST, PATCH, PUT, DELETE, OPTIONS', 'Access-Control-Expose-Headers': 'ETag, Twilio-Request-Id', 'Access-Control-Allow-Credentials': 'true', 'X-Shenanigans': 'none', 'X-Cache': 'Miss from cloudfront', 'Via': '1.1 982f68e5ce0c5125bcf7f53bb28a7988.cloudfront.net (CloudFront)', 'X-Amz-Cf-Pop': 'GIG51-P3', 'X-Amz-Cf-Id': '7rTEKQHc_xV36diMBFGpxkhEO0-pttNuIgOI1NCgMdHNsRjhY7iDoQ=='}
[2024-10-21T16:41:17.817-0300] {logging_mixin.py:137} INFO - Mensagem enviada: MM6d43dc24bc0ea50b7c5aa19ceda00327
[2024-10-21T16:41:17.818-0300] {python.py:177} INFO - Done. Returned value was: None
[2024-10-21T16:41:17.825-0300] {taskinstance.py:1401} INFO - Marking task as SUCCESS. dag_id=send_whatsapp_message_dag_20, task_id=send_whatsapp_message, execution_date=20241020T153200, start_date=20241021T194117, end_date=20241021T194117
[2024-10-21T16:41:17.883-0300] {local_task_job.py:159} INFO - Task exited with return code 0
[2024-10-21T16:41:17.937-0300] {taskinstance.py:2623} INFO - 0 downstream tasks scheduled from follow-on schedule check
